<?xml version="1.0" encoding="UTF-8"?>
<!-- Generated by org.testng.reporters.JUnitReportReporter -->
<testsuite hostname="LAPTOP-SIM54IRQ" failures="0" tests="1" name="Test.LoginTests" time="32.750" errors="0" timestamp="09 Dec 2021 05:11:27 GMT" skipped="0">
  <testcase classname="Test.LoginTests" name="VerifyLogin" time="32.750"/>
</testsuite> <!-- Test.LoginTests -->
