<?xml version="1.0" encoding="UTF-8"?>
<!-- Generated by org.testng.reporters.JUnitReportReporter -->
<testsuite hostname="LAPTOP-SIM54IRQ" failures="0" tests="4" name="Test.RecruitmentTests" time="107.678" errors="0" timestamp="09 Dec 2021 09:23:57 GMT" skipped="0">
  <testcase classname="Test.RecruitmentTests" name="VerifyLogin" time="25.646"/>
  <testcase classname="Test.RecruitmentTests" name="Add" time="32.123"/>
  <testcase classname="Test.RecruitmentTests" name="Search" time="40.913"/>
  <testcase classname="Test.RecruitmentTests" name="delete" time="8.996"/>
</testsuite> <!-- Test.RecruitmentTests -->
